[Info  - 12:57:36 PM] 2022/03/18 12:57:36 go env for /home/rb/source/2t1l
(root /home/rb/source/2t1l/server)
(go version go version go1.17.7 linux/amd64)
(valid build configuration = true)
(build flags: [])
GOMOD=/dev/null
GONOSUMDB=
GOPROXY=https://proxy.golang.org,direct
GOCACHE=/home/rb/.cache/go-build
GOFLAGS=
GOMODCACHE=/home/rb/go/pkg/mod
GOINSECURE=
GONOPROXY=
GOPRIVATE=
GO111MODULE=
GOROOT=/usr/local/go
GOPATH=/home/rb/go
GOSUMDB=sum.golang.org


[Info  - 12:57:37 PM] 2022/03/18 12:57:37 go/packages.Load
	snapshot=0
	directory=/home/rb/source/2t1l/server
	query=[2t1l-server/... builtin]
	packages=2

[Info  - 12:57:37 PM] 2022/03/18 12:57:37 falling back to safe trimming due to type errors: [/usr/local/go/src/runtime/vdso_linux.go:55:38: invalid operation: division by zero /usr/local/go/src/runtime/vdso_linux.go:56:38: invalid operation: division by zero] or still-missing identifiers: map[memRecordCycle:true pageBits:true]
	package="runtime"

[Info  - 12:57:37 PM] 2022/03/18 12:57:37 discovered missing identifiers: map[options:true]
	package="vendor/golang.org/x/text/unicode/bidi"

