[Info  - 9:19:57 PM] 2022/03/14 21:19:57 go env for /home/rb/source/2t1l
(root /home/rb/source/2t1l/server)
(go version go version go1.17.7 linux/amd64)
(valid build configuration = true)
(build flags: [])
GOINSECURE=
GOFLAGS=
GOMODCACHE=/home/rb/go/pkg/mod
GOPRIVATE=
GOPROXY=https://proxy.golang.org,direct
GO111MODULE=
GOROOT=/usr/local/go
GOSUMDB=sum.golang.org
GOCACHE=/home/rb/.cache/go-build
GOMOD=/dev/null
GONOPROXY=
GONOSUMDB=
GOPATH=/home/rb/go


[Info  - 9:19:57 PM] 2022/03/14 21:19:57 go/packages.Load
	snapshot=0
	directory=/home/rb/source/2t1l/server
	query=[2t1l-server/... builtin]
	packages=2

[Info  - 9:19:58 PM] 2022/03/14 21:19:58 falling back to safe trimming due to type errors: [/usr/local/go/src/runtime/vdso_linux.go:55:38: invalid operation: division by zero /usr/local/go/src/runtime/vdso_linux.go:56:38: invalid operation: division by zero] or still-missing identifiers: map[memRecordCycle:true pageBits:true]
	package="runtime"

[Info  - 9:19:58 PM] 2022/03/14 21:19:58 discovered missing identifiers: map[options:true]
	package="vendor/golang.org/x/text/unicode/bidi"

