Validating found git in: git
Using git  from git
> git rev-parse --git-dir
Open repository: /home/rb/source/2t1l
> git status -z -u
> git symbolic-ref --short HEAD
> git for-each-ref --format=%(refname)%00%(upstream:short)%00%(objectname)%00%(upstream:track) refs/heads/master refs/remotes/master
> git for-each-ref --sort -committerdate --format %(refname) %(objectname) %(*objectname)
> git remote --verbose
> git config --get commit.template
> git show --textconv :client/src/Components/RootComponent.ts
> git ls-files --stage -- /home/rb/source/2t1l/client/src/Components/RootComponent.ts
> git cat-file -s d145110e90ac9551032118c223838773121d4a0a
> git check-ignore -v -z --stdin
> git status -z -u
> git symbolic-ref --short HEAD
> git for-each-ref --format=%(refname)%00%(upstream:short)%00%(objectname)%00%(upstream:track) refs/heads/master refs/remotes/master
> git for-each-ref --sort -committerdate --format %(refname) %(objectname) %(*objectname)
> git remote --verbose
> git config --get commit.template
