[Info  - 9:46:23 PM] 2022/03/14 21:46:23 go env for /home/rb/source/2t1l
(root /home/rb/source/2t1l/server)
(go version go version go1.17.7 linux/amd64)
(valid build configuration = true)
(build flags: [])
GONOPROXY=
GOCACHE=/home/rb/.cache/go-build
GONOSUMDB=
GOPROXY=https://proxy.golang.org,direct
GOMOD=/dev/null
GOFLAGS=
GOINSECURE=
GOPATH=/home/rb/go
GOPRIVATE=
GOROOT=/usr/local/go
GOSUMDB=sum.golang.org
GO111MODULE=
GOMODCACHE=/home/rb/go/pkg/mod


[Info  - 9:46:23 PM] 2022/03/14 21:46:23 go/packages.Load
	snapshot=0
	directory=/home/rb/source/2t1l/server
	query=[2t1l-server/... builtin]
	packages=2

[Info  - 9:46:23 PM] 2022/03/14 21:46:23 falling back to safe trimming due to type errors: [/usr/local/go/src/runtime/vdso_linux.go:55:38: invalid operation: division by zero /usr/local/go/src/runtime/vdso_linux.go:56:38: invalid operation: division by zero] or still-missing identifiers: map[memRecordCycle:true pageBits:true]
	package="runtime"

[Info  - 9:46:23 PM] 2022/03/14 21:46:23 discovered missing identifiers: map[options:true]
	package="vendor/golang.org/x/text/unicode/bidi"

