[2022-03-14 21:46:22.509] [exthost] [info] Extension host with pid 6991 started
[2022-03-14 21:46:22.509] [exthost] [info] Skipping acquiring lock for /home/rb/.config/Code - OSS/User/workspaceStorage/bd9e8ad9810ef8976088f2a367e81230.
[2022-03-14 21:46:22.557] [exthost] [info] ExtensionService#_doActivateExtension vscode.debug-auto-launch, startup: true, activationEvent: '*'
[2022-03-14 21:46:22.562] [exthost] [info] ExtensionService#_doActivateExtension vscode.git-base, startup: true, activationEvent: '*', root cause: vscode.github
[2022-03-14 21:46:22.565] [exthost] [info] ExtensionService#_doActivateExtension vscodevim.vim, startup: true, activationEvent: '*'
[2022-03-14 21:46:22.733] [exthost] [info] ExtensionService#_doActivateExtension golang.go, startup: true, activationEvent: 'workspaceContains:*.go,*/*.go,*/*/*.go'
[2022-03-14 21:46:22.953] [exthost] [info] ExtensionService#_doActivateExtension vscode.git, startup: true, activationEvent: '*'
[2022-03-14 21:46:23.007] [exthost] [info] ExtensionService#_doActivateExtension vscode.github, startup: true, activationEvent: '*'
[2022-03-14 21:46:23.047] [exthost] [info] Eager extensions activated
[2022-03-14 21:46:23.073] [exthost] [info] ExtensionService#_doActivateExtension vscode.emmet, startup: false, activationEvent: 'onStartupFinished'
[2022-03-14 21:46:23.086] [exthost] [info] ExtensionService#_doActivateExtension vscode.merge-conflict, startup: false, activationEvent: 'onStartupFinished'
[2022-03-14 21:46:23.089] [exthost] [info] ExtensionService#_doActivateExtension usernamehw.errorlens, startup: false, activationEvent: 'onStartupFinished'
[2022-03-14 21:46:31.065] [exthost] [info] ExtensionService#_doActivateExtension vscode.typescript-language-features, startup: false, activationEvent: 'onLanguage:typescript'
[2022-03-14 22:23:48.659] [exthost] [info] extension host terminating: renderer closed the socket
[2022-03-14 22:23:48.965] [exthost] [error] TypeError: r.some is not a function
    at Function.saveToDisk (/home/rb/.vscode-oss/extensions/vscodevim.vim-1.22.2/src/register/register.ts:350:30)
    at Object.e.deactivate (/home/rb/.vscode-oss/extensions/vscodevim.vim-1.22.2/extension.ts:65:18)
    at v._deactivate (/usr/lib/code-oss/resources/app/out/vs/workbench/services/extensions/node/extensionHostProcess.js:100:11513)
    at /usr/lib/code-oss/resources/app/out/vs/workbench/services/extensions/node/extensionHostProcess.js:100:10061
    at Array.map (<anonymous>)
    at v.deactivateAll (/usr/lib/code-oss/resources/app/out/vs/workbench/services/extensions/node/extensionHostProcess.js:100:10049)
    at p.terminate (/usr/lib/code-oss/resources/app/out/vs/workbench/services/extensions/node/extensionHostProcess.js:104:735)
    at r (/usr/lib/code-oss/resources/app/out/vs/workbench/services/extensions/node/extensionHostProcess.js:114:36400)
    at Socket.<anonymous> (/usr/lib/code-oss/resources/app/out/vs/workbench/services/extensions/node/extensionHostProcess.js:114:34012)
    at Socket.emit (events.js:327:22)
    at Pipe.<anonymous> (net.js:673:12)
[2022-03-14 22:23:48.965] [exthost] [info] Extension host with pid 6991 exiting with code 0
