[2022-03-18 20:40:27.332] [exthost] [info] Extension host with pid 1247 started
[2022-03-18 20:40:27.332] [exthost] [info] Skipping acquiring lock for /home/rb/.config/Code - OSS/User/workspaceStorage/bd9e8ad9810ef8976088f2a367e81230.
[2022-03-18 20:40:27.624] [exthost] [info] ExtensionService#_doActivateExtension vscode.typescript-language-features, startup: false, activationEvent: 'onLanguage:typescript'
[2022-03-18 20:40:27.704] [exthost] [info] ExtensionService#_doActivateExtension vscode.debug-auto-launch, startup: true, activationEvent: '*'
[2022-03-18 20:40:27.709] [exthost] [info] ExtensionService#_doActivateExtension vscode.git-base, startup: true, activationEvent: '*', root cause: vscode.github
[2022-03-18 20:40:27.714] [exthost] [info] ExtensionService#_doActivateExtension vscodevim.vim, startup: true, activationEvent: '*'
[2022-03-18 20:40:28.099] [exthost] [info] ExtensionService#_doActivateExtension golang.go, startup: true, activationEvent: 'workspaceContains:*.go,*/*.go,*/*/*.go'
[2022-03-18 20:40:28.281] [exthost] [info] ExtensionService#_doActivateExtension vscode.git, startup: true, activationEvent: '*'
[2022-03-18 20:40:28.360] [exthost] [info] ExtensionService#_doActivateExtension vscode.github, startup: true, activationEvent: '*'
[2022-03-18 20:40:28.537] [exthost] [info] Eager extensions activated
[2022-03-18 20:40:28.605] [exthost] [info] ExtensionService#_doActivateExtension vscode.emmet, startup: false, activationEvent: 'onStartupFinished'
[2022-03-18 20:40:28.626] [exthost] [info] ExtensionService#_doActivateExtension vscode.merge-conflict, startup: false, activationEvent: 'onStartupFinished'
[2022-03-18 20:40:28.631] [exthost] [info] ExtensionService#_doActivateExtension usernamehw.errorlens, startup: false, activationEvent: 'onStartupFinished'
[2022-03-18 20:50:15.535] [exthost] [info] ExtensionService#_doActivateExtension vscode.configuration-editing, startup: false, activationEvent: 'onLanguage:jsonc'
[2022-03-18 20:50:15.563] [exthost] [info] ExtensionService#_doActivateExtension vscode.json-language-features, startup: false, activationEvent: 'onLanguage:jsonc'
[2022-03-18 21:09:07.609] [exthost] [warning] TextEditor is closed/disposed
[2022-03-18 21:09:07.610] [exthost] [warning] TextEditor is closed/disposed
[2022-03-18 22:17:51.238] [exthost] [warning] TextEditor is closed/disposed
[2022-03-18 22:17:51.238] [exthost] [warning] TextEditor is closed/disposed
[2022-03-18 22:28:27.166] [exthost] [info] extension host terminating: renderer closed the socket
[2022-03-18 22:28:27.679] [exthost] [error] TypeError: r.some is not a function
    at Function.saveToDisk (/home/rb/.vscode-oss/extensions/vscodevim.vim-1.22.2/src/register/register.ts:350:30)
    at Object.e.deactivate (/home/rb/.vscode-oss/extensions/vscodevim.vim-1.22.2/extension.ts:65:18)
    at v._deactivate (/usr/lib/code-oss/resources/app/out/vs/workbench/services/extensions/node/extensionHostProcess.js:100:11513)
    at /usr/lib/code-oss/resources/app/out/vs/workbench/services/extensions/node/extensionHostProcess.js:100:10061
    at Array.map (<anonymous>)
    at v.deactivateAll (/usr/lib/code-oss/resources/app/out/vs/workbench/services/extensions/node/extensionHostProcess.js:100:10049)
    at p.terminate (/usr/lib/code-oss/resources/app/out/vs/workbench/services/extensions/node/extensionHostProcess.js:104:735)
    at r (/usr/lib/code-oss/resources/app/out/vs/workbench/services/extensions/node/extensionHostProcess.js:114:36400)
    at Socket.<anonymous> (/usr/lib/code-oss/resources/app/out/vs/workbench/services/extensions/node/extensionHostProcess.js:114:34012)
    at Socket.emit (events.js:327:22)
    at Pipe.<anonymous> (net.js:673:12)
[2022-03-18 22:28:27.679] [exthost] [info] Extension host with pid 1247 exiting with code 0
