[Info  - 3:21:39 PM] 2022/03/15 15:21:39 go env for /home/rb/source/2t1l
(root /home/rb/source/2t1l/server)
(go version go version go1.17.7 linux/amd64)
(valid build configuration = true)
(build flags: [])
GOPRIVATE=
GOPROXY=https://proxy.golang.org,direct
GO111MODULE=
GOMODCACHE=/home/rb/go/pkg/mod
GOSUMDB=sum.golang.org
GOCACHE=/home/rb/.cache/go-build
GOFLAGS=
GOMOD=/dev/null
GONOPROXY=
GONOSUMDB=
GOINSECURE=
GOROOT=/usr/local/go
GOPATH=/home/rb/go


[Info  - 3:21:39 PM] 2022/03/15 15:21:39 go/packages.Load
	snapshot=0
	directory=/home/rb/source/2t1l/server
	query=[2t1l-server/... builtin]
	packages=2

[Info  - 3:21:39 PM] 2022/03/15 15:21:39 falling back to safe trimming due to type errors: [/usr/local/go/src/runtime/vdso_linux.go:55:38: invalid operation: division by zero /usr/local/go/src/runtime/vdso_linux.go:56:38: invalid operation: division by zero] or still-missing identifiers: map[memRecordCycle:true pageBits:true]
	package="runtime"

[Info  - 3:21:40 PM] 2022/03/15 15:21:40 discovered missing identifiers: map[options:true]
	package="vendor/golang.org/x/text/unicode/bidi"

