[Info  - 10:14:33 AM] 2022/03/15 10:14:33 go env for /home/rb/source/2t1l
(root /home/rb/source/2t1l/server)
(go version go version go1.17.7 linux/amd64)
(valid build configuration = true)
(build flags: [])
GOPRIVATE=
GOCACHE=/home/rb/.cache/go-build
GOFLAGS=
GOMODCACHE=/home/rb/go/pkg/mod
GONOPROXY=
GOPATH=/home/rb/go
GOROOT=/usr/local/go
GOINSECURE=
GOPROXY=https://proxy.golang.org,direct
GO111MODULE=
GONOSUMDB=
GOSUMDB=sum.golang.org
GOMOD=/dev/null


[Info  - 10:14:34 AM] 2022/03/15 10:14:34 go/packages.Load
	snapshot=0
	directory=/home/rb/source/2t1l/server
	query=[2t1l-server/... builtin]
	packages=2

[Info  - 10:14:34 AM] 2022/03/15 10:14:34 falling back to safe trimming due to type errors: [/usr/local/go/src/runtime/vdso_linux.go:55:38: invalid operation: division by zero /usr/local/go/src/runtime/vdso_linux.go:56:38: invalid operation: division by zero] or still-missing identifiers: map[memRecordCycle:true pageBits:true]
	package="runtime"

[Info  - 10:14:34 AM] 2022/03/15 10:14:34 discovered missing identifiers: map[options:true]
	package="vendor/golang.org/x/text/unicode/bidi"

