[Info  - 9:20:27 PM] 2022/03/14 21:20:27 go env for /home/rb/source/tmp/cd
(root /home/rb/source/tmp/cd)
(go version go version go1.17.7 linux/amd64)
(valid build configuration = true)
(build flags: [])
GOPATH=/home/rb/go
GOPROXY=https://proxy.golang.org,direct
GO111MODULE=
GOFLAGS=
GOINSECURE=
GOMOD=/home/rb/source/tmp/cd/go.mod
GOSUMDB=sum.golang.org
GOCACHE=/home/rb/.cache/go-build
GONOSUMDB=
GOROOT=/usr/local/go
GOMODCACHE=/home/rb/go/pkg/mod
GONOPROXY=
GOPRIVATE=


[Info  - 9:20:27 PM] 2022/03/14 21:20:27 go/packages.Load
	snapshot=0
	directory=/home/rb/source/tmp/cd
	query=[builtin cd/...]
	packages=2

[Error - 9:20:28 PM] 2022/03/14 21:20:28 DocumentSymbols failed: getting file for DocumentSymbols: no packages for non-Go file file:///home/rb/source/tmp/cd/go.mod
	URI=file:///home/rb/source/tmp/cd/go.mod

[Error - 9:20:37 PM] Request textDocument/completion failed.
  Message: invalid pos
  Code: 0 
[Info  - 9:20:37 PM] 2022/03/14 21:20:37 go/packages.Load
	snapshot=12
	directory=/home/rb/source/tmp/cd
	query=[file=/home/rb/source/tmp/cd/main.go]
	packages=1

[Info  - 9:20:37 PM] 2022/03/14 21:20:37 go/packages.Load
	snapshot=12
	package="cd"
	files=[/home/rb/source/tmp/cd/main.go]

[Info  - 9:20:37 PM] 2022/03/14 21:20:37 go/packages.Load
	snapshot=12
	directory=/home/rb/source/tmp/cd
	query=[file=/home/rb/source/tmp/cd/main.go]
	packages=1

[Info  - 9:20:37 PM] 2022/03/14 21:20:37 go/packages.Load
	snapshot=12
	package="cd"
	files=[/home/rb/source/tmp/cd/main.go]

[Info  - 9:20:38 PM] 2022/03/14 21:20:38 go/packages.Load
	snapshot=13
	package="cd"
	files=[/home/rb/source/tmp/cd/main.go]

[Info  - 9:20:38 PM] 2022/03/14 21:20:38 go/packages.Load
	snapshot=13
	directory=/home/rb/source/tmp/cd
	query=[file=/home/rb/source/tmp/cd/main.go]
	packages=1

[Info  - 9:20:38 PM] 2022/03/14 21:20:38 go/packages.Load
	snapshot=13
	directory=/home/rb/source/tmp/cd
	query=[file=/home/rb/source/tmp/cd/main.go]
	packages=1

[Info  - 9:20:38 PM] 2022/03/14 21:20:38 go/packages.Load
	snapshot=13
	package="cd"
	files=[/home/rb/source/tmp/cd/main.go]

[Info  - 9:20:38 PM] 2022/03/14 21:20:38 go/packages.Load
	snapshot=14
	directory=/home/rb/source/tmp/cd
	query=[file=/home/rb/source/tmp/cd/main.go]
	packages=1

[Info  - 9:20:38 PM] 2022/03/14 21:20:38 go/packages.Load
	snapshot=14
	package="cd"
	files=[/home/rb/source/tmp/cd/main.go]

[Info  - 9:20:38 PM] 2022/03/14 21:20:38 go/packages.Load
	snapshot=14
	package="cd"
	files=[/home/rb/source/tmp/cd/main.go]

[Info  - 9:20:38 PM] 2022/03/14 21:20:38 go/packages.Load
	snapshot=14
	directory=/home/rb/source/tmp/cd
	query=[file=/home/rb/source/tmp/cd/main.go]
	packages=1

[Info  - 9:20:38 PM] 2022/03/14 21:20:38 go/packages.Load
	snapshot=15
	directory=/home/rb/source/tmp/cd
	query=[file=/home/rb/source/tmp/cd/main.go]
	packages=1

[Info  - 9:20:38 PM] 2022/03/14 21:20:38 go/packages.Load
	snapshot=15
	package="cd"
	files=[/home/rb/source/tmp/cd/main.go]

[Info  - 9:20:38 PM] 2022/03/14 21:20:38 go/packages.Load
	snapshot=15
	directory=/home/rb/source/tmp/cd
	query=[file=/home/rb/source/tmp/cd/main.go]
	packages=1

[Info  - 9:20:38 PM] 2022/03/14 21:20:38 go/packages.Load
	snapshot=15
	package="cd"
	files=[/home/rb/source/tmp/cd/main.go]

[Error - 9:20:42 PM] 2022/03/14 21:20:42 no completions found: this is a definition of func m()
	position={2 6}

[Error - 9:20:42 PM] 2022/03/14 21:20:42 no completions found: this is a definition of func main()
	position={2 9}

[Error - 9:20:42 PM] 2022/03/14 21:20:42 imports fixes: AllImportsFixes: /home/rb/source/tmp/cd/main.go:3:10: expected '(', found newline (and 2 more errors)
	file="/home/rb/source/tmp/cd/main.go"

[Error - 9:20:43 PM] 2022/03/14 21:20:43 no signature help: cannot find an enclosing function
	position={2 11}

[Info  - 9:20:46 PM] 2022/03/14 21:20:46 go/packages.Load
	snapshot=39
	directory=/home/rb/source/tmp/cd
	query=[file=/home/rb/source/tmp/cd/main.go]
	packages=1

[Info  - 9:20:46 PM] 2022/03/14 21:20:46 go/packages.Load
	snapshot=39
	package="cd"
	files=[/home/rb/source/tmp/cd/main.go]

[Info  - 9:20:46 PM] 2022/03/14 21:20:46 go/packages.Load
	snapshot=39
	package="cd"
	files=[/home/rb/source/tmp/cd/main.go]

[Info  - 9:20:46 PM] 2022/03/14 21:20:46 go/packages.Load
	snapshot=39
	directory=/home/rb/source/tmp/cd
	query=[file=/home/rb/source/tmp/cd/main.go]
	packages=1

[Info  - 9:20:46 PM] 2022/03/14 21:20:46 falling back to safe trimming due to type errors: [/usr/local/go/src/runtime/vdso_linux.go:55:38: invalid operation: division by zero /usr/local/go/src/runtime/vdso_linux.go:56:38: invalid operation: division by zero] or still-missing identifiers: map[memRecordCycle:true pageBits:true]
	package="runtime"

[Error - 9:20:47 PM] 2022/03/14 21:20:47 imports fixes: AllImportsFixes: /home/rb/source/tmp/cd/main.go:6:10: expected statement, found ')' (and 2 more errors)
	file="/home/rb/source/tmp/cd/main.go"

[Error - 9:20:48 PM] 2022/03/14 21:20:48 no signature help: no signature help within a string literal
	position={5 11}

[Info  - 9:21:08 PM] 2022/03/14 21:21:08 background imports cache refresh starting

[Info  - 9:21:08 PM] 2022/03/14 21:21:08 background refresh finished after 10.470745ms

[Error - 9:22:11 PM] 2022/03/14 21:22:11 searching for template files failed: lstat /home/rb/source/tmp/cd: no such file or directory

[Error - 9:22:11 PM] 2022/03/14 21:22:11 go/packages.Load: err: chdir /home/rb/source/tmp/cd: no such file or directory: stderr: 
	snapshot=53
	directory=/home/rb/source/tmp/cd
	query=[./ builtin]
	packages=0

[Error - 9:22:11 PM] 2022/03/14 21:22:11 initial workspace load failed: err: chdir /home/rb/source/tmp/cd: no such file or directory: stderr: : packages.Load error

