Validating found git in: git
Using git  from git
Opening repository for path='/home/rb/source/tmp/cd' failed; ex=Failed to execute git {
  "exitCode": 128,
  "gitErrorCode": "NotAGitRepository",
  "gitCommand": "rev-parse",
  "stdout": "",
  "stderr": "fatal: not a git repository (or any of the parent directories): .git\n"
}
Opening repository for path='/home/rb/source/tmp/cd/go.mod' failed; ex=Error: spawn ENOTDIR
Opening repository for path='/home/rb/source/tmp/cd/main.go' failed; ex=Error: spawn ENOTDIR
Opening repository for path='/home/rb/source/tmp/cd' failed; ex=Failed to execute git {
  "exitCode": 128,
  "gitErrorCode": "NotAGitRepository",
  "gitCommand": "rev-parse",
  "stdout": "",
  "stderr": "fatal: not a git repository (or any of the parent directories): .git\n"
}
Opening repository for path='/home/rb/source/tmp/cd' failed; ex=Failed to execute git {
  "exitCode": 128,
  "gitErrorCode": "NotAGitRepository",
  "gitCommand": "rev-parse",
  "stdout": "",
  "stderr": "fatal: not a git repository (or any of the parent directories): .git\n"
}
Opening repository for path='/home/rb/source/tmp/cd' failed; ex=spawn git ENOENT {
  "gitErrorCode": "NotAGitRepository"
}Error: spawn git ENOENT
    at Process.ChildProcess._handle.onexit (internal/child_process.js:269:19)
    at onErrorNT (internal/child_process.js:465:16)
    at processTicksAndRejections (internal/process/task_queues.js:80:21)
Opening repository for path='/home/rb/source/tmp/cd' failed; ex=spawn git ENOENT {
  "gitErrorCode": "NotAGitRepository"
}Error: spawn git ENOENT
    at Process.ChildProcess._handle.onexit (internal/child_process.js:269:19)
    at onErrorNT (internal/child_process.js:465:16)
    at processTicksAndRejections (internal/process/task_queues.js:80:21)
