[Info  - 2:18:16 PM] 2022/03/18 14:18:16 go env for /home/rb/source/2t1l
(root /home/rb/source/2t1l/server)
(go version go version go1.17.7 linux/amd64)
(valid build configuration = true)
(build flags: [])
GOPROXY=https://proxy.golang.org,direct
GOMODCACHE=/home/rb/go/pkg/mod
GONOSUMDB=
GOINSECURE=
GONOPROXY=
GOSUMDB=sum.golang.org
GO111MODULE=
GOPRIVATE=
GOROOT=/usr/local/go
GOCACHE=/home/rb/.cache/go-build
GOMOD=/dev/null
GOPATH=/home/rb/go
GOFLAGS=


[Info  - 2:18:16 PM] 2022/03/18 14:18:16 go/packages.Load
	snapshot=0
	directory=/home/rb/source/2t1l/server
	query=[2t1l-server/... builtin]
	packages=2

[Info  - 2:18:17 PM] 2022/03/18 14:18:17 falling back to safe trimming due to type errors: [/usr/local/go/src/runtime/vdso_linux.go:55:38: invalid operation: division by zero /usr/local/go/src/runtime/vdso_linux.go:56:38: invalid operation: division by zero] or still-missing identifiers: map[memRecordCycle:true pageBits:true]
	package="runtime"

[Info  - 2:18:17 PM] 2022/03/18 14:18:17 discovered missing identifiers: map[options:true]
	package="vendor/golang.org/x/text/unicode/bidi"

