[2022-03-14 21:19:56.577] [exthost] [info] Extension host with pid 1694 started
[2022-03-14 21:19:56.577] [exthost] [info] Skipping acquiring lock for /home/rb/.config/Code - OSS/User/workspaceStorage/bd9e8ad9810ef8976088f2a367e81230.
[2022-03-14 21:19:56.697] [exthost] [info] ExtensionService#_doActivateExtension vscode.typescript-language-features, startup: false, activationEvent: 'onLanguage:typescript'
[2022-03-14 21:19:56.768] [exthost] [info] ExtensionService#_doActivateExtension vscode.debug-auto-launch, startup: true, activationEvent: '*'
[2022-03-14 21:19:56.771] [exthost] [info] ExtensionService#_doActivateExtension vscode.git-base, startup: true, activationEvent: '*', root cause: vscode.github
[2022-03-14 21:19:56.775] [exthost] [info] ExtensionService#_doActivateExtension vscodevim.vim, startup: true, activationEvent: '*'
[2022-03-14 21:19:57.074] [exthost] [info] ExtensionService#_doActivateExtension golang.go, startup: true, activationEvent: 'workspaceContains:*.go,*/*.go,*/*/*.go'
[2022-03-14 21:19:57.321] [exthost] [info] ExtensionService#_doActivateExtension vscode.git, startup: true, activationEvent: '*'
[2022-03-14 21:19:57.397] [exthost] [info] ExtensionService#_doActivateExtension vscode.github, startup: true, activationEvent: '*'
[2022-03-14 21:19:57.522] [exthost] [info] Eager extensions activated
[2022-03-14 21:19:57.560] [exthost] [info] ExtensionService#_doActivateExtension vscode.emmet, startup: false, activationEvent: 'onStartupFinished'
[2022-03-14 21:19:57.575] [exthost] [info] ExtensionService#_doActivateExtension vscode.merge-conflict, startup: false, activationEvent: 'onStartupFinished'
[2022-03-14 21:19:57.579] [exthost] [info] ExtensionService#_doActivateExtension usernamehw.errorlens, startup: false, activationEvent: 'onStartupFinished'
[2022-03-14 21:20:23.597] [exthost] [info] extension host terminating: renderer closed the socket
[2022-03-14 21:20:23.893] [exthost] [error] TypeError: Converting circular structure to JSON
    --> starting at object with constructor 't'
    |     property '_readableState' -> object with constructor 'M'
    |     property 'pipes' -> object with constructor 'Array'
    |     index 0 -> object with constructor 't.ConsoleForElectron'
    --- property 'parent' closes the circle
    at JSON.stringify (<anonymous>)
    at /home/rb/.vscode-oss/extensions/vscodevim.vim-1.22.2/src/register/register.ts:357:16
    at process.async (internal/process/task_queues.js:93:5)
    at Object.e.deactivate (/home/rb/.vscode-oss/extensions/vscodevim.vim-1.22.2/extension.ts:64:8)
    at async Promise.all (index 9)
    at v.deactivateAll (/usr/lib/code-oss/resources/app/out/vs/workbench/services/extensions/node/extensionHostProcess.js:100:10087)
[2022-03-14 21:20:23.893] [exthost] [info] Extension host with pid 1694 exiting with code 0
[2022-03-14 21:20:27.323] [exthost] [info] Extension host with pid 2166 started
[2022-03-14 21:20:27.323] [exthost] [info] Skipping acquiring lock for /home/rb/.config/Code - OSS/User/workspaceStorage/7f02dd5cd80166bfbcf3ead203d34ea9.
[2022-03-14 21:20:27.395] [exthost] [info] ExtensionService#_doActivateExtension vscode.debug-auto-launch, startup: true, activationEvent: '*'
[2022-03-14 21:20:27.400] [exthost] [info] ExtensionService#_doActivateExtension vscode.git-base, startup: true, activationEvent: '*', root cause: vscode.github
[2022-03-14 21:20:27.403] [exthost] [info] ExtensionService#_doActivateExtension vscodevim.vim, startup: true, activationEvent: '*'
[2022-03-14 21:20:27.532] [exthost] [info] ExtensionService#_doActivateExtension golang.go, startup: true, activationEvent: 'workspaceContains:*.go,*/*.go,*/*/*.go'
[2022-03-14 21:20:27.640] [exthost] [info] ExtensionService#_doActivateExtension vscode.git, startup: true, activationEvent: '*'
[2022-03-14 21:20:27.688] [exthost] [info] ExtensionService#_doActivateExtension vscode.github, startup: true, activationEvent: '*'
[2022-03-14 21:20:27.810] [exthost] [info] Eager extensions activated
[2022-03-14 21:20:27.838] [exthost] [info] ExtensionService#_doActivateExtension vscode.emmet, startup: false, activationEvent: 'onStartupFinished'
[2022-03-14 21:20:27.850] [exthost] [info] ExtensionService#_doActivateExtension vscode.merge-conflict, startup: false, activationEvent: 'onStartupFinished'
[2022-03-14 21:20:27.853] [exthost] [info] ExtensionService#_doActivateExtension usernamehw.errorlens, startup: false, activationEvent: 'onStartupFinished'
[2022-03-14 21:20:37.663] [exthost] [error] [golang.go] provider FAILED
[2022-03-14 21:20:37.679] [exthost] [error] Error: invalid pos
    at handleResponse (/home/rb/.vscode-oss/extensions/golang.go-0.32.0/dist/goMain.js:4366:40)
    at processMessageQueue (/home/rb/.vscode-oss/extensions/golang.go-0.32.0/dist/goMain.js:4204:13)
    at Immediate.<anonymous> (/home/rb/.vscode-oss/extensions/golang.go-0.32.0/dist/goMain.js:4190:11)
    at processImmediate (internal/timers.js:461:21)
[2022-03-14 21:20:42.227] [exthost] [error] [golang.go] provider FAILED
[2022-03-14 21:20:42.233] [exthost] [error] Canceled: Canceled
    at LanguageClient2.makeCancelError (/home/rb/.vscode-oss/extensions/golang.go-0.32.0/dist/goMain.js:12133:24)
    at LanguageClient2.handleFailedRequest (/home/rb/.vscode-oss/extensions/golang.go-0.32.0/dist/goMain.js:12124:24)
    at /home/rb/.vscode-oss/extensions/golang.go-0.32.0/dist/goMain.js:10624:31
    at h.provideDocumentHighlights (/usr/lib/code-oss/resources/app/out/vs/workbench/services/extensions/node/extensionHostProcess.js:95:91846)
[2022-03-14 21:20:59.215] [exthost] [warning] TextEditor is closed/disposed
[2022-03-14 21:20:59.215] [exthost] [warning] TextEditor is closed/disposed
[2022-03-14 21:20:59.220] [exthost] [warning] ExtHostTextEditorOptions 'setCursorStyle' failed:'
[2022-03-14 21:20:59.220] [exthost] [warning] {"name":"DISPOSED","message":"TextEditor(vs.editor.ICodeEditor:1,$model2) has been disposed"}
[2022-03-14 21:34:46.020] [exthost] [info] ExtensionService#_doActivateExtension vscode.configuration-editing, startup: false, activationEvent: 'onLanguage:json'
[2022-03-14 21:34:46.036] [exthost] [info] ExtensionService#_doActivateExtension vscode.extension-editing, startup: false, activationEvent: 'onLanguage:json'
[2022-03-14 21:34:46.061] [exthost] [info] ExtensionService#_doActivateExtension vscode.json-language-features, startup: false, activationEvent: 'onLanguage:json'
[2022-03-14 21:34:46.132] [exthost] [info] ExtensionService#_doActivateExtension vscode.npm, startup: false, activationEvent: 'onLanguage:json'
[2022-03-14 21:39:49.880] [exthost] [info] extension host terminating: renderer closed the socket
[2022-03-14 21:39:50.189] [exthost] [error] TypeError: Converting circular structure to JSON
    --> starting at object with constructor 't'
    |     property '_readableState' -> object with constructor 'M'
    |     property 'pipes' -> object with constructor 'Array'
    |     index 0 -> object with constructor 't.ConsoleForElectron'
    --- property 'parent' closes the circle
    at JSON.stringify (<anonymous>)
    at async (/home/rb/.vscode-oss/extensions/vscodevim.vim-1.22.2/src/register/register.ts:357:16)
    at Object.e.deactivate (/home/rb/.vscode-oss/extensions/vscodevim.vim-1.22.2/extension.ts:64:8)
    at async Promise.all (index 12)
    at v.deactivateAll (/usr/lib/code-oss/resources/app/out/vs/workbench/services/extensions/node/extensionHostProcess.js:100:10087)
[2022-03-14 21:39:50.189] [exthost] [info] Extension host with pid 2166 exiting with code 0
