[Info  - 8:40:28 PM] 2022/03/18 20:40:28 go env for /home/rb/source/2t1l
(root /home/rb/source/2t1l/server)
(go version go version go1.17.7 linux/amd64)
(valid build configuration = true)
(build flags: [])
GOFLAGS=
GOMOD=/dev/null
GONOSUMDB=
GOPATH=/home/rb/go
GO111MODULE=
GOMODCACHE=/home/rb/go/pkg/mod
GOSUMDB=sum.golang.org
GOPRIVATE=
GOCACHE=/home/rb/.cache/go-build
GOINSECURE=
GONOPROXY=
GOPROXY=https://proxy.golang.org,direct
GOROOT=/usr/local/go


[Info  - 8:40:29 PM] 2022/03/18 20:40:29 go/packages.Load
	snapshot=0
	directory=/home/rb/source/2t1l/server
	query=[2t1l-server/... builtin]
	packages=2

[Info  - 8:40:29 PM] 2022/03/18 20:40:29 falling back to safe trimming due to type errors: [/usr/local/go/src/runtime/vdso_linux.go:55:38: invalid operation: division by zero /usr/local/go/src/runtime/vdso_linux.go:56:38: invalid operation: division by zero] or still-missing identifiers: map[memRecordCycle:true pageBits:true]
	package="runtime"

[Info  - 8:40:29 PM] 2022/03/18 20:40:29 discovered missing identifiers: map[options:true]
	package="vendor/golang.org/x/text/unicode/bidi"

