Validating found git in: git
Using git  from git
> git rev-parse --git-dir
Open repository: /home/rb/source/2t1l
> git status -z -u
> git symbolic-ref --short HEAD
> git for-each-ref --format=%(refname)%00%(upstream:short)%00%(objectname)%00%(upstream:track) refs/heads/master refs/remotes/master
> git for-each-ref --sort -committerdate --format %(refname) %(objectname) %(*objectname)
> git remote --verbose
> git config --get commit.template
> git show --textconv :client/src/Components/JoinRoomComponent.ts
> git ls-files --stage -- /home/rb/source/2t1l/client/src/Components/JoinRoomComponent.ts
> git cat-file -s a1a09a03e991aeb2bcc8f06b506a9b14426e4121
> git check-ignore -v -z --stdin
> git status -z -u
> git symbolic-ref --short HEAD
> git for-each-ref --format=%(refname)%00%(upstream:short)%00%(objectname)%00%(upstream:track) refs/heads/master refs/remotes/master
> git for-each-ref --sort -committerdate --format %(refname) %(objectname) %(*objectname)
> git remote --verbose
> git config --get commit.template
> git ls-files --stage -- /home/rb/source/2t1l/client/src/Components/JoinRoomComponent.ts
> git cat-file -s a1a09a03e991aeb2bcc8f06b506a9b14426e4121
> git show --textconv :client/src/Components/JoinRoomComponent.ts
> git status -z -u
> git symbolic-ref --short HEAD
> git for-each-ref --format=%(refname)%00%(upstream:short)%00%(objectname)%00%(upstream:track) refs/heads/master refs/remotes/master
> git for-each-ref --sort -committerdate --format %(refname) %(objectname) %(*objectname)
> git remote --verbose
> git config --get commit.template
> git status -z -u
> git symbolic-ref --short HEAD
> git for-each-ref --format=%(refname)%00%(upstream:short)%00%(objectname)%00%(upstream:track) refs/heads/room_joining_polish refs/remotes/room_joining_polish
> git for-each-ref --sort -committerdate --format %(refname) %(objectname) %(*objectname)
> git remote --verbose
> git config --get commit.template
> git ls-files --stage -- /home/rb/source/2t1l/client/src/Components/JoinRoomComponent.ts
> git cat-file -s a1a09a03e991aeb2bcc8f06b506a9b14426e4121
> git show --textconv :client/src/Components/JoinRoomComponent.ts
> git status -z -u
> git symbolic-ref --short HEAD
> git for-each-ref --format=%(refname)%00%(upstream:short)%00%(objectname)%00%(upstream:track) refs/heads/room_joining_polish refs/remotes/room_joining_polish
> git for-each-ref --sort -committerdate --format %(refname) %(objectname) %(*objectname)
> git remote --verbose
> git config --get commit.template
> git status -z -u
> git symbolic-ref --short HEAD
> git for-each-ref --format=%(refname)%00%(upstream:short)%00%(objectname)%00%(upstream:track) refs/heads/room_joining_polish refs/remotes/room_joining_polish
> git for-each-ref --sort -committerdate --format %(refname) %(objectname) %(*objectname)
> git remote --verbose
> git config --get commit.template
> git show --textconv :client/test/JoiningRoom.test.ts
> git ls-files --stage -- /home/rb/source/2t1l/client/test/JoiningRoom.test.ts
> git check-ignore -v -z --stdin
> git status -z -u
> git symbolic-ref --short HEAD
> git for-each-ref --format=%(refname)%00%(upstream:short)%00%(objectname)%00%(upstream:track) refs/heads/room_joining_polish refs/remotes/room_joining_polish
> git for-each-ref --sort -committerdate --format %(refname) %(objectname) %(*objectname)
> git remote --verbose
> git config --get commit.template
> git show --textconv :client/test/TestRunner.ts
> git ls-files --stage -- /home/rb/source/2t1l/client/test/TestRunner.ts
> git cat-file -s 7ce4e27d5835f350d3cb06b0c45d0d0be901e1e5
> git check-ignore -v -z --stdin
> git status -z -u
> git symbolic-ref --short HEAD
> git for-each-ref --format=%(refname)%00%(upstream:short)%00%(objectname)%00%(upstream:track) refs/heads/room_joining_polish refs/remotes/room_joining_polish
> git for-each-ref --sort -committerdate --format %(refname) %(objectname) %(*objectname)
> git remote --verbose
> git config --get commit.template
> git status -z -u
> git symbolic-ref --short HEAD
> git for-each-ref --format=%(refname)%00%(upstream:short)%00%(objectname)%00%(upstream:track) refs/heads/room_joining_polish refs/remotes/room_joining_polish
> git for-each-ref --sort -committerdate --format %(refname) %(objectname) %(*objectname)
> git remote --verbose
> git config --get commit.template
> git show --textconv :client/test/JoiningRoom.test.ts
> git ls-files --stage -- /home/rb/source/2t1l/client/test/JoiningRoom.test.ts
> git show --textconv :client/src/Components/JoinRoomComponent.ts
> git ls-files --stage -- /home/rb/source/2t1l/client/src/Components/JoinRoomComponent.ts
> git cat-file -s a1a09a03e991aeb2bcc8f06b506a9b14426e4121
> git status -z -u
> git symbolic-ref --short HEAD
> git for-each-ref --format=%(refname)%00%(upstream:short)%00%(objectname)%00%(upstream:track) refs/heads/room_joining_polish refs/remotes/room_joining_polish
> git for-each-ref --sort -committerdate --format %(refname) %(objectname) %(*objectname)
> git remote --verbose
> git config --get commit.template
> git status -z -u
> git symbolic-ref --short HEAD
> git for-each-ref --format=%(refname)%00%(upstream:short)%00%(objectname)%00%(upstream:track) refs/heads/room_joining_polish refs/remotes/room_joining_polish
> git for-each-ref --sort -committerdate --format %(refname) %(objectname) %(*objectname)
> git remote --verbose
> git config --get commit.template
> git status -z -u
> git symbolic-ref --short HEAD
> git for-each-ref --format=%(refname)%00%(upstream:short)%00%(objectname)%00%(upstream:track) refs/heads/room_joining_polish refs/remotes/room_joining_polish
> git for-each-ref --sort -committerdate --format %(refname) %(objectname) %(*objectname)
> git remote --verbose
> git config --get commit.template
> git status -z -u
> git symbolic-ref --short HEAD
> git for-each-ref --format=%(refname)%00%(upstream:short)%00%(objectname)%00%(upstream:track) refs/heads/room_joining_polish refs/remotes/room_joining_polish
> git for-each-ref --sort -committerdate --format %(refname) %(objectname) %(*objectname)
> git remote --verbose
> git config --get commit.template
> git status -z -u
> git symbolic-ref --short HEAD
> git for-each-ref --format=%(refname)%00%(upstream:short)%00%(objectname)%00%(upstream:track) refs/heads/room_joining_polish refs/remotes/room_joining_polish
> git for-each-ref --sort -committerdate --format %(refname) %(objectname) %(*objectname)
> git remote --verbose
> git config --get commit.template
> git status -z -u
> git symbolic-ref --short HEAD
> git for-each-ref --format=%(refname)%00%(upstream:short)%00%(objectname)%00%(upstream:track) refs/heads/room_joining_polish refs/remotes/room_joining_polish
> git for-each-ref --sort -committerdate --format %(refname) %(objectname) %(*objectname)
> git remote --verbose
> git config --get commit.template
> git status -z -u
> git symbolic-ref --short HEAD
> git for-each-ref --format=%(refname)%00%(upstream:short)%00%(objectname)%00%(upstream:track) refs/heads/room_joining_polish refs/remotes/room_joining_polish
> git for-each-ref --sort -committerdate --format %(refname) %(objectname) %(*objectname)
> git remote --verbose
> git config --get commit.template
> git status -z -u
> git symbolic-ref --short HEAD
> git for-each-ref --format=%(refname)%00%(upstream:short)%00%(objectname)%00%(upstream:track) refs/heads/room_joining_polish refs/remotes/room_joining_polish
> git for-each-ref --sort -committerdate --format %(refname) %(objectname) %(*objectname)
> git remote --verbose
> git config --get commit.template
> git show --textconv :client/src/Framework/View.ts
> git ls-files --stage -- /home/rb/source/2t1l/client/src/Framework/View.ts
> git check-ignore -v -z --stdin
> git status -z -u
> git symbolic-ref --short HEAD
> git for-each-ref --format=%(refname)%00%(upstream:short)%00%(objectname)%00%(upstream:track) refs/heads/room_joining_polish refs/remotes/room_joining_polish
> git for-each-ref --sort -committerdate --format %(refname) %(objectname) %(*objectname)
> git remote --verbose
> git config --get commit.template
> git status -z -u
> git symbolic-ref --short HEAD
> git for-each-ref --format=%(refname)%00%(upstream:short)%00%(objectname)%00%(upstream:track) refs/heads/room_joining_polish refs/remotes/room_joining_polish
> git for-each-ref --sort -committerdate --format %(refname) %(objectname) %(*objectname)
> git remote --verbose
> git config --get commit.template
> git show --textconv :client/src/Framework/View.ts
> git ls-files --stage -- /home/rb/source/2t1l/client/src/Framework/View.ts
> git show --textconv :client/src/Components/JoinRoomComponent.ts
> git ls-files --stage -- /home/rb/source/2t1l/client/src/Components/JoinRoomComponent.ts
> git cat-file -s a1a09a03e991aeb2bcc8f06b506a9b14426e4121
> git status -z -u
> git symbolic-ref --short HEAD
> git for-each-ref --format=%(refname)%00%(upstream:short)%00%(objectname)%00%(upstream:track) refs/heads/room_joining_polish refs/remotes/room_joining_polish
> git for-each-ref --sort -committerdate --format %(refname) %(objectname) %(*objectname)
> git remote --verbose
> git config --get commit.template
> git show --textconv :client/src/Framework/IView.ts
> git ls-files --stage -- /home/rb/source/2t1l/client/src/Framework/IView.ts
> git check-ignore -v -z --stdin
> git status -z -u
> git symbolic-ref --short HEAD
> git for-each-ref --format=%(refname)%00%(upstream:short)%00%(objectname)%00%(upstream:track) refs/heads/room_joining_polish refs/remotes/room_joining_polish
> git for-each-ref --sort -committerdate --format %(refname) %(objectname) %(*objectname)
> git remote --verbose
> git config --get commit.template
> git show --textconv :client/src/Framework/View.ts
> git ls-files --stage -- /home/rb/source/2t1l/client/src/Framework/View.ts
> git status -z -u
> git symbolic-ref --short HEAD
> git for-each-ref --format=%(refname)%00%(upstream:short)%00%(objectname)%00%(upstream:track) refs/heads/room_joining_polish refs/remotes/room_joining_polish
> git for-each-ref --sort -committerdate --format %(refname) %(objectname) %(*objectname)
> git remote --verbose
> git config --get commit.template
> git status -z -u
> git symbolic-ref --short HEAD
> git for-each-ref --format=%(refname)%00%(upstream:short)%00%(objectname)%00%(upstream:track) refs/heads/room_joining_polish refs/remotes/room_joining_polish
> git for-each-ref --sort -committerdate --format %(refname) %(objectname) %(*objectname)
> git remote --verbose
> git config --get commit.template
> git show --textconv :client/src/Framework/IView.ts
> git ls-files --stage -- /home/rb/source/2t1l/client/src/Framework/IView.ts
> git show --textconv :client/test/JoiningRoom.test.ts
> git ls-files --stage -- /home/rb/source/2t1l/client/test/JoiningRoom.test.ts
> git status -z -u
> git symbolic-ref --short HEAD
> git for-each-ref --format=%(refname)%00%(upstream:short)%00%(objectname)%00%(upstream:track) refs/heads/room_joining_polish refs/remotes/room_joining_polish
> git for-each-ref --sort -committerdate --format %(refname) %(objectname) %(*objectname)
> git remote --verbose
> git config --get commit.template
> git show --textconv :client/src/App/View/JoinRoomView.ts
> git ls-files --stage -- /home/rb/source/2t1l/client/src/App/View/JoinRoomView.ts
> git check-ignore -v -z --stdin
> git status -z -u
> git symbolic-ref --short HEAD
> git for-each-ref --format=%(refname)%00%(upstream:short)%00%(objectname)%00%(upstream:track) refs/heads/room_joining_polish refs/remotes/room_joining_polish
> git for-each-ref --sort -committerdate --format %(refname) %(objectname) %(*objectname)
> git remote --verbose
> git config --get commit.template
> git show --textconv :client/src/App/View/JoinRoomView.ts
> git ls-files --stage -- /home/rb/source/2t1l/client/src/App/View/JoinRoomView.ts
> git status -z -u
> git symbolic-ref --short HEAD
> git for-each-ref --format=%(refname)%00%(upstream:short)%00%(objectname)%00%(upstream:track) refs/heads/room_joining_polish refs/remotes/room_joining_polish
> git for-each-ref --sort -committerdate --format %(refname) %(objectname) %(*objectname)
> git remote --verbose
> git config --get commit.template
> git show --textconv :client/src/Components/JoinRoomComponent.ts
> git ls-files --stage -- /home/rb/source/2t1l/client/src/Components/JoinRoomComponent.ts
> git cat-file -s a1a09a03e991aeb2bcc8f06b506a9b14426e4121
> git show --textconv :client/src/App/View/JoinRoomView.ts
> git ls-files --stage -- /home/rb/source/2t1l/client/src/App/View/JoinRoomView.ts
> git status -z -u
> git symbolic-ref --short HEAD
> git for-each-ref --format=%(refname)%00%(upstream:short)%00%(objectname)%00%(upstream:track) refs/heads/room_joining_polish refs/remotes/room_joining_polish
> git for-each-ref --sort -committerdate --format %(refname) %(objectname) %(*objectname)
> git remote --verbose
> git config --get commit.template
> git show --textconv :client/src/Components/JoinRoomComponent.ts
> git ls-files --stage -- /home/rb/source/2t1l/client/src/Components/JoinRoomComponent.ts
> git cat-file -s a1a09a03e991aeb2bcc8f06b506a9b14426e4121
> git show --textconv :client/src/App/View/JoinRoomView.ts
> git ls-files --stage -- /home/rb/source/2t1l/client/src/App/View/JoinRoomView.ts
> git show --textconv :client/src/Components/JoinRoomComponent.ts
> git ls-files --stage -- /home/rb/source/2t1l/client/src/Components/JoinRoomComponent.ts
> git cat-file -s a1a09a03e991aeb2bcc8f06b506a9b14426e4121
> git status -z -u
> git symbolic-ref --short HEAD
> git for-each-ref --format=%(refname)%00%(upstream:short)%00%(objectname)%00%(upstream:track) refs/heads/room_joining_polish refs/remotes/room_joining_polish
> git for-each-ref --sort -committerdate --format %(refname) %(objectname) %(*objectname)
> git remote --verbose
> git config --get commit.template
> git status -z -u
> git symbolic-ref --short HEAD
> git for-each-ref --format=%(refname)%00%(upstream:short)%00%(objectname)%00%(upstream:track) refs/heads/room_joining_polish refs/remotes/room_joining_polish
> git for-each-ref --sort -committerdate --format %(refname) %(objectname) %(*objectname)
> git remote --verbose
> git config --get commit.template
> git show --textconv :client/src/App/ViewModel/JoinRoomViewModel.ts
> git ls-files --stage -- /home/rb/source/2t1l/client/src/App/ViewModel/JoinRoomViewModel.ts
> git check-ignore -v -z --stdin
> git show --textconv :client/src/Components/JoinRoomComponent.ts
> git ls-files --stage -- /home/rb/source/2t1l/client/src/Components/JoinRoomComponent.ts
> git cat-file -s a1a09a03e991aeb2bcc8f06b506a9b14426e4121
> git status -z -u
> git symbolic-ref --short HEAD
> git for-each-ref --format=%(refname)%00%(upstream:short)%00%(objectname)%00%(upstream:track) refs/heads/room_joining_polish refs/remotes/room_joining_polish
> git for-each-ref --sort -committerdate --format %(refname) %(objectname) %(*objectname)
> git remote --verbose
> git config --get commit.template
> git show --textconv :client/src/App/ViewModel/JoinRoomViewModel.ts
> git ls-files --stage -- /home/rb/source/2t1l/client/src/App/ViewModel/JoinRoomViewModel.ts
> git status -z -u
> git symbolic-ref --short HEAD
> git for-each-ref --format=%(refname)%00%(upstream:short)%00%(objectname)%00%(upstream:track) refs/heads/room_joining_polish refs/remotes/room_joining_polish
> git for-each-ref --sort -committerdate --format %(refname) %(objectname) %(*objectname)
> git remote --verbose
> git config --get commit.template
> git show --textconv :client/src/Components/JoinRoomComponent.ts
> git ls-files --stage -- /home/rb/source/2t1l/client/src/Components/JoinRoomComponent.ts
> git cat-file -s a1a09a03e991aeb2bcc8f06b506a9b14426e4121
> git show --textconv :client/src/App/ViewModel/JoinRoomViewModel.ts
> git ls-files --stage -- /home/rb/source/2t1l/client/src/App/ViewModel/JoinRoomViewModel.ts
> git status -z -u
> git symbolic-ref --short HEAD
> git for-each-ref --format=%(refname)%00%(upstream:short)%00%(objectname)%00%(upstream:track) refs/heads/room_joining_polish refs/remotes/room_joining_polish
> git for-each-ref --sort -committerdate --format %(refname) %(objectname) %(*objectname)
> git remote --verbose
> git config --get commit.template
> git show --textconv :client/src/Components/JoinRoomComponent.ts
> git ls-files --stage -- /home/rb/source/2t1l/client/src/Components/JoinRoomComponent.ts
> git cat-file -s a1a09a03e991aeb2bcc8f06b506a9b14426e4121
> git show --textconv :client/src/App/View/JoinRoomView.ts
> git ls-files --stage -- /home/rb/source/2t1l/client/src/App/View/JoinRoomView.ts
> git status -z -u
> git symbolic-ref --short HEAD
> git for-each-ref --format=%(refname)%00%(upstream:short)%00%(objectname)%00%(upstream:track) refs/heads/room_joining_polish refs/remotes/room_joining_polish
> git for-each-ref --sort -committerdate --format %(refname) %(objectname) %(*objectname)
> git remote --verbose
> git config --get commit.template
> git show --textconv :client/src/Components/JoinRoomComponent.ts
> git ls-files --stage -- /home/rb/source/2t1l/client/src/Components/JoinRoomComponent.ts
> git cat-file -s a1a09a03e991aeb2bcc8f06b506a9b14426e4121
> git show --textconv :client/src/App/View/JoinRoomView.ts
> git ls-files --stage -- /home/rb/source/2t1l/client/src/App/View/JoinRoomView.ts
> git status -z -u
> git symbolic-ref --short HEAD
> git for-each-ref --format=%(refname)%00%(upstream:short)%00%(objectname)%00%(upstream:track) refs/heads/room_joining_polish refs/remotes/room_joining_polish
> git for-each-ref --sort -committerdate --format %(refname) %(objectname) %(*objectname)
> git remote --verbose
> git config --get commit.template
> git status -z -u
> git symbolic-ref --short HEAD
> git for-each-ref --format=%(refname)%00%(upstream:short)%00%(objectname)%00%(upstream:track) refs/heads/room_joining_polish refs/remotes/room_joining_polish
> git for-each-ref --sort -committerdate --format %(refname) %(objectname) %(*objectname)
> git remote --verbose
> git config --get commit.template
> git status -z -u
> git symbolic-ref --short HEAD
> git for-each-ref --format=%(refname)%00%(upstream:short)%00%(objectname)%00%(upstream:track) refs/heads/room_joining_polish refs/remotes/room_joining_polish
> git for-each-ref --sort -committerdate --format %(refname) %(objectname) %(*objectname)
> git remote --verbose
> git config --get commit.template
> git status -z -u
> git symbolic-ref --short HEAD
> git for-each-ref --format=%(refname)%00%(upstream:short)%00%(objectname)%00%(upstream:track) refs/heads/room_joining_polish refs/remotes/room_joining_polish
> git for-each-ref --sort -committerdate --format %(refname) %(objectname) %(*objectname)
> git remote --verbose
> git config --get commit.template
> git status -z -u
> git symbolic-ref --short HEAD
> git for-each-ref --format=%(refname)%00%(upstream:short)%00%(objectname)%00%(upstream:track) refs/heads/room_joining_polish refs/remotes/room_joining_polish
> git for-each-ref --sort -committerdate --format %(refname) %(objectname) %(*objectname)
> git remote --verbose
> git config --get commit.template
> git status -z -u
> git symbolic-ref --short HEAD
> git for-each-ref --format=%(refname)%00%(upstream:short)%00%(objectname)%00%(upstream:track) refs/heads/room_joining_polish refs/remotes/room_joining_polish
> git for-each-ref --sort -committerdate --format %(refname) %(objectname) %(*objectname)
> git remote --verbose
> git config --get commit.template
> git status -z -u
> git symbolic-ref --short HEAD
> git for-each-ref --format=%(refname)%00%(upstream:short)%00%(objectname)%00%(upstream:track) refs/heads/room_joining_polish refs/remotes/room_joining_polish
> git for-each-ref --sort -committerdate --format %(refname) %(objectname) %(*objectname)
> git remote --verbose
> git config --get commit.template
> git status -z -u
> git symbolic-ref --short HEAD
> git for-each-ref --format=%(refname)%00%(upstream:short)%00%(objectname)%00%(upstream:track) refs/heads/room_joining_polish refs/remotes/room_joining_polish
> git for-each-ref --sort -committerdate --format %(refname) %(objectname) %(*objectname)
> git remote --verbose
> git config --get commit.template
> git status -z -u
> git symbolic-ref --short HEAD
> git for-each-ref --format=%(refname)%00%(upstream:short)%00%(objectname)%00%(upstream:track) refs/heads/room_joining_polish refs/remotes/room_joining_polish
> git for-each-ref --sort -committerdate --format %(refname) %(objectname) %(*objectname)
> git remote --verbose
> git config --get commit.template
> git show --textconv :client/src/App/ViewModel/JoinRoomViewModel.ts
> git ls-files --stage -- /home/rb/source/2t1l/client/src/App/ViewModel/JoinRoomViewModel.ts
> git show --textconv :client/src/App/View/JoinRoomView.ts
> git ls-files --stage -- /home/rb/source/2t1l/client/src/App/View/JoinRoomView.ts
> git status -z -u
> git symbolic-ref --short HEAD
> git for-each-ref --format=%(refname)%00%(upstream:short)%00%(objectname)%00%(upstream:track) refs/heads/room_joining_polish refs/remotes/room_joining_polish
> git for-each-ref --sort -committerdate --format %(refname) %(objectname) %(*objectname)
> git remote --verbose
> git config --get commit.template
> git status -z -u
> git symbolic-ref --short HEAD
> git for-each-ref --format=%(refname)%00%(upstream:short)%00%(objectname)%00%(upstream:track) refs/heads/room_joining_polish refs/remotes/room_joining_polish
> git for-each-ref --sort -committerdate --format %(refname) %(objectname) %(*objectname)
> git remote --verbose
> git config --get commit.template
> git status -z -u
> git symbolic-ref --short HEAD
> git for-each-ref --format=%(refname)%00%(upstream:short)%00%(objectname)%00%(upstream:track) refs/heads/room_joining_polish refs/remotes/room_joining_polish
> git for-each-ref --sort -committerdate --format %(refname) %(objectname) %(*objectname)
> git remote --verbose
> git config --get commit.template
> git status -z -u
> git symbolic-ref --short HEAD
> git for-each-ref --format=%(refname)%00%(upstream:short)%00%(objectname)%00%(upstream:track) refs/heads/room_joining_polish refs/remotes/room_joining_polish
> git for-each-ref --sort -committerdate --format %(refname) %(objectname) %(*objectname)
> git remote --verbose
> git config --get commit.template
> git show --textconv :client/src/Components/JoinRoomComponent.ts
> git ls-files --stage -- /home/rb/source/2t1l/client/src/Components/JoinRoomComponent.ts
> git cat-file -s a1a09a03e991aeb2bcc8f06b506a9b14426e4121
> git show --textconv :client/src/App/View/JoinRoomView.ts
> git ls-files --stage -- /home/rb/source/2t1l/client/src/App/View/JoinRoomView.ts
> git status -z -u
> git symbolic-ref --short HEAD
> git for-each-ref --format=%(refname)%00%(upstream:short)%00%(objectname)%00%(upstream:track) refs/heads/room_joining_polish refs/remotes/room_joining_polish
> git for-each-ref --sort -committerdate --format %(refname) %(objectname) %(*objectname)
> git remote --verbose
> git config --get commit.template
> git show --textconv :client/src/Components/RoomComponent.ts
> git ls-files --stage -- /home/rb/source/2t1l/client/src/Components/RoomComponent.ts
> git cat-file -s 7813b6d4ee3690e610cfbad6f3480b84fbba8fd5
> git show --textconv :client/src/Components/RootComponent.ts
> git ls-files --stage -- /home/rb/source/2t1l/client/src/Components/RootComponent.ts
> git cat-file -s d0f1c135927df2b84454ec26e4c0d7eaa24da98b
> git status -z -u
> git symbolic-ref --short HEAD
> git for-each-ref --format=%(refname)%00%(upstream:short)%00%(objectname)%00%(upstream:track) refs/heads/room_joining_polish refs/remotes/room_joining_polish
> git for-each-ref --sort -committerdate --format %(refname) %(objectname) %(*objectname)
> git remote --verbose
> git config --get commit.template
> git status -z -u
> git symbolic-ref --short HEAD
> git for-each-ref --format=%(refname)%00%(upstream:short)%00%(objectname)%00%(upstream:track) refs/heads/room_joining_polish refs/remotes/room_joining_polish
> git for-each-ref --sort -committerdate --format %(refname) %(objectname) %(*objectname)
> git remote --verbose
> git config --get commit.template
> git status -z -u
> git symbolic-ref --short HEAD
> git for-each-ref --format=%(refname)%00%(upstream:short)%00%(objectname)%00%(upstream:track) refs/heads/room_joining_polish refs/remotes/room_joining_polish
> git for-each-ref --sort -committerdate --format %(refname) %(objectname) %(*objectname)
> git remote --verbose
> git config --get commit.template
> git status -z -u
> git symbolic-ref --short HEAD
> git for-each-ref --format=%(refname)%00%(upstream:short)%00%(objectname)%00%(upstream:track) refs/heads/room_joining_polish refs/remotes/room_joining_polish
> git for-each-ref --sort -committerdate --format %(refname) %(objectname) %(*objectname)
> git remote --verbose
> git config --get commit.template
> git status -z -u
> git symbolic-ref --short HEAD
> git for-each-ref --format=%(refname)%00%(upstream:short)%00%(objectname)%00%(upstream:track) refs/heads/room_joining_polish refs/remotes/room_joining_polish
> git for-each-ref --sort -committerdate --format %(refname) %(objectname) %(*objectname)
> git remote --verbose
> git config --get commit.template
> git status -z -u
> git symbolic-ref --short HEAD
> git for-each-ref --format=%(refname)%00%(upstream:short)%00%(objectname)%00%(upstream:track) refs/heads/room_joining_polish refs/remotes/room_joining_polish
> git for-each-ref --sort -committerdate --format %(refname) %(objectname) %(*objectname)
> git remote --verbose
> git config --get commit.template
> git show --textconv :client/src/Components/RoomComponent.ts
> git ls-files --stage -- /home/rb/source/2t1l/client/src/Components/RoomComponent.ts
> git cat-file -s 7813b6d4ee3690e610cfbad6f3480b84fbba8fd5
> git status -z -u
> git symbolic-ref --short HEAD
> git for-each-ref --format=%(refname)%00%(upstream:short)%00%(objectname)%00%(upstream:track) refs/heads/room_joining_polish refs/remotes/room_joining_polish
> git for-each-ref --sort -committerdate --format %(refname) %(objectname) %(*objectname)
> git remote --verbose
> git config --get commit.template
> git status -z -u
> git symbolic-ref --short HEAD
> git for-each-ref --format=%(refname)%00%(upstream:short)%00%(objectname)%00%(upstream:track) refs/heads/room_joining_polish refs/remotes/room_joining_polish
> git for-each-ref --sort -committerdate --format %(refname) %(objectname) %(*objectname)
> git remote --verbose
> git config --get commit.template
> git status -z -u
> git symbolic-ref --short HEAD
> git for-each-ref --format=%(refname)%00%(upstream:short)%00%(objectname)%00%(upstream:track) refs/heads/room_joining_polish refs/remotes/room_joining_polish
> git for-each-ref --sort -committerdate --format %(refname) %(objectname) %(*objectname)
> git remote --verbose
> git config --get commit.template
> git show --textconv :client/src/App/View/RoomView.ts
> git ls-files --stage -- /home/rb/source/2t1l/client/src/App/View/RoomView.ts
> git check-ignore -v -z --stdin
> git status -z -u
> git symbolic-ref --short HEAD
> git for-each-ref --format=%(refname)%00%(upstream:short)%00%(objectname)%00%(upstream:track) refs/heads/room_joining_polish refs/remotes/room_joining_polish
> git for-each-ref --sort -committerdate --format %(refname) %(objectname) %(*objectname)
> git remote --verbose
> git config --get commit.template
> git show --textconv :client/src/App/View/JoinRoomView.ts
> git ls-files --stage -- /home/rb/source/2t1l/client/src/App/View/JoinRoomView.ts
> git status -z -u
> git symbolic-ref --short HEAD
> git for-each-ref --format=%(refname)%00%(upstream:short)%00%(objectname)%00%(upstream:track) refs/heads/room_joining_polish refs/remotes/room_joining_polish
> git for-each-ref --sort -committerdate --format %(refname) %(objectname) %(*objectname)
> git remote --verbose
> git config --get commit.template
> git ls-files --stage -- /home/rb/source/2t1l/client/src/App/View/JoinRoomView.ts
> git cat-file -s 294e6c7d6917f649dcd5b80ea7a32fac0e41b053
> git show --textconv :client/src/App/View/JoinRoomView.ts
> git status -z -u
> git symbolic-ref --short HEAD
> git for-each-ref --format=%(refname)%00%(upstream:short)%00%(objectname)%00%(upstream:track) refs/heads/room_joining_polish refs/remotes/room_joining_polish
> git for-each-ref --sort -committerdate --format %(refname) %(objectname) %(*objectname)
> git remote --verbose
> git config --get commit.template
> git ls-files --stage -- /home/rb/source/2t1l/client/src/App/View/JoinRoomView.ts
> git cat-file -s 294e6c7d6917f649dcd5b80ea7a32fac0e41b053
> git show --textconv :client/src/App/View/JoinRoomView.ts
> git status -z -u
> git symbolic-ref --short HEAD
> git for-each-ref --format=%(refname)%00%(upstream:short)%00%(objectname)%00%(upstream:track) refs/heads/room_joining_polish refs/remotes/room_joining_polish
> git for-each-ref --sort -committerdate --format %(refname) %(objectname) %(*objectname)
> git remote --verbose
> git config --get commit.template
> git show --textconv :client/test/JoiningRoom.test.ts
> git ls-files --stage -- /home/rb/source/2t1l/client/test/JoiningRoom.test.ts
> git check-ignore -v -z --stdin
> git show --textconv :client/src/App/View/RoomView.ts
> git ls-files --stage -- /home/rb/source/2t1l/client/src/App/View/RoomView.ts
> git cat-file -s d2029cae8213e6c68def713af688b82f51f4b4a3
> git status -z -u
> git symbolic-ref --short HEAD
> git for-each-ref --format=%(refname)%00%(upstream:short)%00%(objectname)%00%(upstream:track) refs/heads/room_joining_polish refs/remotes/room_joining_polish
> git for-each-ref --sort -committerdate --format %(refname) %(objectname) %(*objectname)
> git remote --verbose
> git config --get commit.template
> git show --textconv :client/src/App/ViewModel/JoinRoomViewModel.ts
> git ls-files --stage -- /home/rb/source/2t1l/client/src/App/ViewModel/JoinRoomViewModel.ts
> git cat-file -s 7e5626e19b722a5861202e3917e78b8116cf068f
> git show --textconv :client/src/App/View/JoinRoomView.ts
> git ls-files --stage -- /home/rb/source/2t1l/client/src/App/View/JoinRoomView.ts
> git cat-file -s 294e6c7d6917f649dcd5b80ea7a32fac0e41b053
> git status -z -u
> git symbolic-ref --short HEAD
> git for-each-ref --format=%(refname)%00%(upstream:short)%00%(objectname)%00%(upstream:track) refs/heads/room_joining_polish refs/remotes/room_joining_polish
> git for-each-ref --sort -committerdate --format %(refname) %(objectname) %(*objectname)
> git remote --verbose
> git config --get commit.template
> git show --textconv :client/test/JoiningRoom.test.ts
> git ls-files --stage -- /home/rb/source/2t1l/client/test/JoiningRoom.test.ts
> git show --textconv :client/src/App/View/JoinRoomView.ts
> git ls-files --stage -- /home/rb/source/2t1l/client/src/App/View/JoinRoomView.ts
> git cat-file -s 294e6c7d6917f649dcd5b80ea7a32fac0e41b053
> git status -z -u
> git symbolic-ref --short HEAD
> git for-each-ref --format=%(refname)%00%(upstream:short)%00%(objectname)%00%(upstream:track) refs/heads/room_joining_polish refs/remotes/room_joining_polish
> git for-each-ref --sort -committerdate --format %(refname) %(objectname) %(*objectname)
> git remote --verbose
> git config --get commit.template
> git show --textconv :client/src/App/View/RoomView.ts
> git ls-files --stage -- /home/rb/source/2t1l/client/src/App/View/RoomView.ts
> git cat-file -s d2029cae8213e6c68def713af688b82f51f4b4a3
> git status -z -u
> git symbolic-ref --short HEAD
> git for-each-ref --format=%(refname)%00%(upstream:short)%00%(objectname)%00%(upstream:track) refs/heads/room_joining_polish refs/remotes/room_joining_polish
> git for-each-ref --sort -committerdate --format %(refname) %(objectname) %(*objectname)
> git remote --verbose
> git config --get commit.template
> git show --textconv :client/src/App/ViewModel/JoinRoomViewModel.ts
> git ls-files --stage -- /home/rb/source/2t1l/client/src/App/ViewModel/JoinRoomViewModel.ts
> git cat-file -s 7e5626e19b722a5861202e3917e78b8116cf068f
> git status -z -u
> git symbolic-ref --short HEAD
> git for-each-ref --format=%(refname)%00%(upstream:short)%00%(objectname)%00%(upstream:track) refs/heads/room_joining_polish refs/remotes/room_joining_polish
> git for-each-ref --sort -committerdate --format %(refname) %(objectname) %(*objectname)
> git remote --verbose
> git config --get commit.template
> git show --textconv :client/test/JoiningRoom.test.ts
> git ls-files --stage -- /home/rb/source/2t1l/client/test/JoiningRoom.test.ts
> git status -z -u
> git symbolic-ref --short HEAD
> git for-each-ref --format=%(refname)%00%(upstream:short)%00%(objectname)%00%(upstream:track) refs/heads/room_joining_polish refs/remotes/room_joining_polish
> git for-each-ref --sort -committerdate --format %(refname) %(objectname) %(*objectname)
> git remote --verbose
> git config --get commit.template
> git status -z -u
> git symbolic-ref --short HEAD
> git for-each-ref --format=%(refname)%00%(upstream:short)%00%(objectname)%00%(upstream:track) refs/heads/room_joining_polish refs/remotes/room_joining_polish
> git for-each-ref --sort -committerdate --format %(refname) %(objectname) %(*objectname)
> git remote --verbose
> git config --get commit.template
> git status -z -u
> git symbolic-ref --short HEAD
> git for-each-ref --format=%(refname)%00%(upstream:short)%00%(objectname)%00%(upstream:track) refs/heads/room_joining_polish refs/remotes/room_joining_polish
> git for-each-ref --sort -committerdate --format %(refname) %(objectname) %(*objectname)
> git remote --verbose
> git config --get commit.template
> git show --textconv :client/src/App/ViewModel/JoinRoomViewModel.ts
> git ls-files --stage -- /home/rb/source/2t1l/client/src/App/ViewModel/JoinRoomViewModel.ts
> git cat-file -s 7e5626e19b722a5861202e3917e78b8116cf068f
> git show --textconv :client/src/Framework/MessageChannel.ts
> git ls-files --stage -- /home/rb/source/2t1l/client/src/Framework/MessageChannel.ts
> git cat-file -s 7f11a467a002d8308b9d10b361eb6d38b12aa2f7
> git check-ignore -v -z --stdin
> git status -z -u
> git symbolic-ref --short HEAD
> git for-each-ref --format=%(refname)%00%(upstream:short)%00%(objectname)%00%(upstream:track) refs/heads/room_joining_polish refs/remotes/room_joining_polish
> git for-each-ref --sort -committerdate --format %(refname) %(objectname) %(*objectname)
> git remote --verbose
> git config --get commit.template
> git status -z -u
> git symbolic-ref --short HEAD
> git for-each-ref --format=%(refname)%00%(upstream:short)%00%(objectname)%00%(upstream:track) refs/heads/room_joining_polish refs/remotes/room_joining_polish
> git for-each-ref --sort -committerdate --format %(refname) %(objectname) %(*objectname)
> git remote --verbose
> git config --get commit.template
> git show --textconv :client/src/App/View/RootView.ts
> git ls-files --stage -- /home/rb/source/2t1l/client/src/App/View/RootView.ts
> git cat-file -s fd3d0928f0b4c687b63b377aeeb0a1216ce5d093
> git check-ignore -v -z --stdin
> git status -z -u
> git symbolic-ref --short HEAD
> git for-each-ref --format=%(refname)%00%(upstream:short)%00%(objectname)%00%(upstream:track) refs/heads/room_joining_polish refs/remotes/room_joining_polish
> git for-each-ref --sort -committerdate --format %(refname) %(objectname) %(*objectname)
> git remote --verbose
> git config --get commit.template
> git status -z -u
> git symbolic-ref --short HEAD
> git for-each-ref --format=%(refname)%00%(upstream:short)%00%(objectname)%00%(upstream:track) refs/heads/room_joining_polish refs/remotes/room_joining_polish
> git for-each-ref --sort -committerdate --format %(refname) %(objectname) %(*objectname)
> git remote --verbose
> git config --get commit.template
> git show --textconv :client/src/index.ts
> git ls-files --stage -- /home/rb/source/2t1l/client/src/index.ts
> git cat-file -s 5d5e5f4e1bb75f3173763fe493f6cd0b28487558
> git check-ignore -v -z --stdin
> git status -z -u
> git symbolic-ref --short HEAD
> git for-each-ref --format=%(refname)%00%(upstream:short)%00%(objectname)%00%(upstream:track) refs/heads/room_joining_polish refs/remotes/room_joining_polish
> git for-each-ref --sort -committerdate --format %(refname) %(objectname) %(*objectname)
> git remote --verbose
> git config --get commit.template
> git status -z -u
> git symbolic-ref --short HEAD
> git for-each-ref --format=%(refname)%00%(upstream:short)%00%(objectname)%00%(upstream:track) refs/heads/room_joining_polish refs/remotes/room_joining_polish
> git for-each-ref --sort -committerdate --format %(refname) %(objectname) %(*objectname)
> git remote --verbose
> git config --get commit.template
> git status -z -u
> git symbolic-ref --short HEAD
> git for-each-ref --format=%(refname)%00%(upstream:short)%00%(objectname)%00%(upstream:track) refs/heads/room_joining_polish refs/remotes/room_joining_polish
> git for-each-ref --sort -committerdate --format %(refname) %(objectname) %(*objectname)
> git remote --verbose
> git config --get commit.template
> git show --textconv :client/test/TestRunner.ts
> git ls-files --stage -- /home/rb/source/2t1l/client/test/TestRunner.ts
> git cat-file -s 7ce4e27d5835f350d3cb06b0c45d0d0be901e1e5
> git status -z -u
> git symbolic-ref --short HEAD
> git for-each-ref --format=%(refname)%00%(upstream:short)%00%(objectname)%00%(upstream:track) refs/heads/room_joining_polish refs/remotes/room_joining_polish
> git for-each-ref --sort -committerdate --format %(refname) %(objectname) %(*objectname)
> git remote --verbose
> git config --get commit.template
> git show --textconv :client/src/Framework/MessageChannel.ts
> git ls-files --stage -- /home/rb/source/2t1l/client/src/Framework/MessageChannel.ts
> git cat-file -s 7f11a467a002d8308b9d10b361eb6d38b12aa2f7
> git show --textconv :client/src/index.ts
> git ls-files --stage -- /home/rb/source/2t1l/client/src/index.ts
> git cat-file -s 5d5e5f4e1bb75f3173763fe493f6cd0b28487558
> git show --textconv :client/test/JoiningRoom.test.ts
> git ls-files --stage -- /home/rb/source/2t1l/client/test/JoiningRoom.test.ts
> git status -z -u
> git symbolic-ref --short HEAD
> git for-each-ref --format=%(refname)%00%(upstream:short)%00%(objectname)%00%(upstream:track) refs/heads/room_joining_polish refs/remotes/room_joining_polish
> git for-each-ref --sort -committerdate --format %(refname) %(objectname) %(*objectname)
> git remote --verbose
> git config --get commit.template
> git ls-files --stage -- /home/rb/source/2t1l/client/test/JoiningRoom.test.ts
> git show --textconv :client/test/JoiningRoom.test.ts
> git status -z -u
> git symbolic-ref --short HEAD
> git for-each-ref --format=%(refname)%00%(upstream:short)%00%(objectname)%00%(upstream:track) refs/heads/room_joining_polish refs/remotes/room_joining_polish
> git for-each-ref --sort -committerdate --format %(refname) %(objectname) %(*objectname)
> git remote --verbose
> git config --get commit.template
> git status -z -u
> git symbolic-ref --short HEAD
> git for-each-ref --format=%(refname)%00%(upstream:short)%00%(objectname)%00%(upstream:track) refs/heads/room_joining_polish refs/remotes/room_joining_polish
> git for-each-ref --sort -committerdate --format %(refname) %(objectname) %(*objectname)
> git remote --verbose
> git config --get commit.template
> git ls-files --stage -- /home/rb/source/2t1l/client/test/JoiningRoom.test.ts
> git cat-file -s 498218f6dc9084e4a4935e2a2359dcbdb7ea548a
> git show --textconv :client/test/JoiningRoom.test.ts
> git status -z -u
> git symbolic-ref --short HEAD
> git for-each-ref --format=%(refname)%00%(upstream:short)%00%(objectname)%00%(upstream:track) refs/heads/room_joining_polish refs/remotes/room_joining_polish
> git for-each-ref --sort -committerdate --format %(refname) %(objectname) %(*objectname)
> git remote --verbose
> git config --get commit.template
> git ls-files --stage -- /home/rb/source/2t1l/client/test/JoiningRoom.test.ts
> git cat-file -s 498218f6dc9084e4a4935e2a2359dcbdb7ea548a
> git show --textconv :client/test/JoiningRoom.test.ts
> git ls-files --stage -- /home/rb/source/2t1l/client/test/JoiningRoom.test.ts
> git cat-file -s 498218f6dc9084e4a4935e2a2359dcbdb7ea548a
> git show --textconv :client/test/JoiningRoom.test.ts
> git status -z -u
> git symbolic-ref --short HEAD
> git for-each-ref --format=%(refname)%00%(upstream:short)%00%(objectname)%00%(upstream:track) refs/heads/room_joining_polish refs/remotes/room_joining_polish
> git for-each-ref --sort -committerdate --format %(refname) %(objectname) %(*objectname)
> git remote --verbose
> git config --get commit.template
