[Info  - 10:05:47 PM] 2022/03/15 22:05:47 go env for /home/rb/source/2t1l
(root /home/rb/source/2t1l/server)
(go version go version go1.17.7 linux/amd64)
(valid build configuration = true)
(build flags: [])
GO111MODULE=
GOINSECURE=
GOPROXY=https://proxy.golang.org,direct
GONOSUMDB=
GOFLAGS=
GOMODCACHE=/home/rb/go/pkg/mod
GOROOT=/usr/local/go
GOSUMDB=sum.golang.org
GOPATH=/home/rb/go
GOPRIVATE=
GOCACHE=/home/rb/.cache/go-build
GOMOD=/dev/null
GONOPROXY=


[Info  - 10:05:47 PM] 2022/03/15 22:05:47 go/packages.Load
	snapshot=0
	directory=/home/rb/source/2t1l/server
	query=[2t1l-server/... builtin]
	packages=2

[Info  - 10:05:47 PM] 2022/03/15 22:05:47 falling back to safe trimming due to type errors: [/usr/local/go/src/runtime/vdso_linux.go:55:38: invalid operation: division by zero /usr/local/go/src/runtime/vdso_linux.go:56:38: invalid operation: division by zero] or still-missing identifiers: map[memRecordCycle:true pageBits:true]
	package="runtime"

[Info  - 10:05:48 PM] 2022/03/15 22:05:48 discovered missing identifiers: map[options:true]
	package="vendor/golang.org/x/text/unicode/bidi"

