[2022-03-18 20:40:27.133] [renderer1] [error] [Extension Host] (node:1247) [DEP0005] DeprecationWarning: Buffer() is deprecated due to security and usability issues. Please use the Buffer.alloc(), Buffer.allocUnsafe(), or Buffer.from() methods instead.
(Use `electron --trace-deprecation ...` to show where the warning was created)
[2022-03-18 21:07:08.085] [renderer1] [error] Unable to read file '/home/rb/source/2t1l/client/src/Messages/JoinRoomRequest' (Error: Unable to resolve nonexistent file '/home/rb/source/2t1l/client/src/Messages/JoinRoomRequest'): Error: Unable to read file '/home/rb/source/2t1l/client/src/Messages/JoinRoomRequest' (Error: Unable to resolve nonexistent file '/home/rb/source/2t1l/client/src/Messages/JoinRoomRequest')
    at Ei.doReadFileStream (vscode-file://vscode-app/usr/lib/code-oss/resources/app/out/vs/workbench/workbench.desktop.main.js:577:34849)
    at async u.doRead (vscode-file://vscode-app/usr/lib/code-oss/resources/app/out/vs/workbench/workbench.desktop.main.js:2369:42314)
    at async u.readStream (vscode-file://vscode-app/usr/lib/code-oss/resources/app/out/vs/workbench/workbench.desktop.main.js:2369:42035)
    at async sn.resolveFromFile (vscode-file://vscode-app/usr/lib/code-oss/resources/app/out/vs/workbench/workbench.desktop.main.js:2358:73209)
    at async o.doResolve (vscode-file://vscode-app/usr/lib/code-oss/resources/app/out/vs/workbench/workbench.desktop.main.js:2369:36878)
    at async i.acquire (vscode-file://vscode-app/usr/lib/code-oss/resources/app/out/vs/workbench/workbench.desktop.main.js:17:32322)
    at async g.createModelReference (vscode-file://vscode-app/usr/lib/code-oss/resources/app/out/vs/workbench/workbench.desktop.main.js:2358:85753)
[2022-03-18 22:14:15.696] [renderer1] [error] Error: Unable to read file '/home/rb/source/2t1l/client/src/MessageChannel' (Error: Unable to resolve nonexistent file '/home/rb/source/2t1l/client/src/MessageChannel')
    at i.handleSetInputError (vscode-file://vscode-app/usr/lib/code-oss/resources/app/out/vs/workbench/workbench.desktop.main.js:2323:115082)
    at i.handleSetInputError (vscode-file://vscode-app/usr/lib/code-oss/resources/app/out/vs/workbench/workbench.desktop.main.js:2323:118873)
    at i.setInput (vscode-file://vscode-app/usr/lib/code-oss/resources/app/out/vs/workbench/workbench.desktop.main.js:2323:114776)
    at async n.doSetInput (vscode-file://vscode-app/usr/lib/code-oss/resources/app/out/vs/workbench/workbench.desktop.main.js:2323:35224)
    at async n.doOpenEditor (vscode-file://vscode-app/usr/lib/code-oss/resources/app/out/vs/workbench/workbench.desktop.main.js:2323:33525)
    at async n.openEditor (vscode-file://vscode-app/usr/lib/code-oss/resources/app/out/vs/workbench/workbench.desktop.main.js:2323:33151)
    at async vscode-file://vscode-app/usr/lib/code-oss/resources/app/out/vs/workbench/workbench.desktop.main.js:2525:17056
    at async v.doOpenCodeEditor (vscode-file://vscode-app/usr/lib/code-oss/resources/app/out/vs/workbench/workbench.desktop.main.js:1280:28972)
    at async Wr._openReference (vscode-file://vscode-app/usr/lib/code-oss/resources/app/out/vs/workbench/workbench.desktop.main.js:783:107207)
    at async Wr._onResult (vscode-file://vscode-app/usr/lib/code-oss/resources/app/out/vs/workbench/workbench.desktop.main.js:783:106936)
